 line   address	contents
    1                      ; Linked by DLX-LD.
    2                      ; MemSize 24576
    3                      ; Data size: 821
    4                      ; Text size: 4812
    5                      ; Stack size: 8192
    6  00000000          	.text 0x1000
    7  00001000          	.data 0x3000
    8                      ; Compiled by GCC
    9  00003000          	.text
   10  00001000          	.align 2
   11  00001000          	.proc _isspace
   12  00001000          	.global _isspace
   13  00001000          	_isspace:
   14                      ;  Function 'isspace'; 0 bytes of locals, 1 regs to save.
   15  00001000  afbefffc	sw	-4(r29),r30; push fp
   16  00001004  001df020	add	r30,r0,r29; fp = sp
   17  00001008  afbffff8	sw	-8(r29),r31; push ret addr
   18  0000100c  2fbd0010	subui	r29,r29,#16; alloc local storage
   19  00001010  afa20000	sw	0(r29),r2
   20  00001014  83c20003	lb	r2,3(r30)
   21  00001018  201f0000	addi	r31,r0,#0
   22  0000101c  304100ff	andi	r1,r2,#0x00ff
   23  00001020  60210020	seqi	r1,r1,#32
   24  00001024  14200018	bnez	r1,L6_LF0
   25  00001028  54000000	nop; not filled.
   26  0000102c  2041fff7	addi	r1,r2,#-9
   27  00001030  302100ff	andi	r1,r1,#0x00ff
   28  00001034  70210001	sleui	r1,r1,#1
   29  00001038  10200008	beqz	r1,L5_LF0
   30  0000103c  54000000	nop; not filled.
   31  00001040          	L6_LF0:
   32  00001040  201f0001	addi	r31,r0,#1
   33  00001044          	L5_LF0:
   34  00001044  001f0820	add	r1,r0,r31
   35  00001048  8fa20000	lw	r2,0(r29)
   36  0000104c  8fdffff8	lw	r31,-8(r30)
   37  00001050  001ee820	add	r29,r0,r30
   38  00001054  8fdefffc	lw	r30,-4(r30)
   39  00001058  4be00000	jr	r31
   40  0000105c  54000000	nop
   41  00001060          	.endproc _isspace
   42  00001060          	.align 2
   43  00001060          	.proc _isxdigit
   44  00001060          	.global _isxdigit
   45  00001060          	_isxdigit:
   46                      ;  Function 'isxdigit'; 0 bytes of locals, 1 regs to save.
   47  00001060  afbefffc	sw	-4(r29),r30; push fp
   48  00001064  001df020	add	r30,r0,r29; fp = sp
   49  00001068  afbffff8	sw	-8(r29),r31; push ret addr
   50  0000106c  2fbd0010	subui	r29,r29,#16; alloc local storage
   51  00001070  afa20000	sw	0(r29),r2
   52  00001074  83df0003	lb	r31,3(r30)
   53  00001078  20020000	addi	r2,r0,#0
   54  0000107c  23e1ffd0	addi	r1,r31,#-48
   55  00001080  302100ff	andi	r1,r1,#0x00ff
   56  00001084  70210009	sleui	r1,r1,#9
   57  00001088  14200028	bnez	r1,L12_LF0
   58  0000108c  54000000	nop; not filled.
   59  00001090  23e1ff9f	addi	r1,r31,#-97
   60  00001094  302100ff	andi	r1,r1,#0x00ff
   61  00001098  70210005	sleui	r1,r1,#5
   62  0000109c  14200014	bnez	r1,L12_LF0
   63  000010a0  54000000	nop; not filled.
   64  000010a4  33e100ff	andi	r1,r31,#0x00ff
   65  000010a8  64210041	snei	r1,r1,#65
   66  000010ac  14200008	bnez	r1,L11_LF0
   67  000010b0  54000000	nop; not filled.
   68  000010b4          	L12_LF0:
   69  000010b4  20020001	addi	r2,r0,#1
   70  000010b8          	L11_LF0:
   71  000010b8  00020820	add	r1,r0,r2
   72  000010bc  8fa20000	lw	r2,0(r29)
   73  000010c0  8fdffff8	lw	r31,-8(r30)
   74  000010c4  001ee820	add	r29,r0,r30
   75  000010c8  8fdefffc	lw	r30,-4(r30)
   76  000010cc  4be00000	jr	r31
   77  000010d0  54000000	nop
   78  000010d4          	.endproc _isxdigit
   79  000010d4          	.data
   80  00003000          	.align 2
   81  00003000          	LC0_LF0:
   82  00003000  74657374	.ascii "test1: [1/%d] malloc(4096) returned NULL\n\000"
   82  00003004  313a205b	
   82  00003008  312f2564	
   82  0000300c  5d206d61	
   82  00003010  6c6c6f63	
   82  00003014  28343039	
   82  00003018  36292072	
   82  0000301c  65747572	
   82  00003020  6e656420	
   82  00003024  4e554c4c	
   82  00003028  0a00    	
   83  0000302a          	.align 2
   84  0000302c          	LC1_LF0:
   85  0000302c  74657374	.ascii "test1: [1/%d] malloc(4096) returned: %d\n\000"
   85  00003030  313a205b	
   85  00003034  312f2564	
   85  00003038  5d206d61	
   85  0000303c  6c6c6f63	
   85  00003040  28343039	
   85  00003044  36292072	
   85  00003048  65747572	
   85  0000304c  6e65643a	
   85  00003050  2025640a	
   85  00003054  00      	
   86  00003055          	.align 2
   87  00003058          	LC2_LF0:
   88  00003058  74657374	.ascii "test1: Writing to first heap page\n\000"
   88  0000305c  313a2057	
   88  00003060  72697469	
   88  00003064  6e672074	
   88  00003068  6f206669	
   88  0000306c  72737420	
   88  00003070  68656170	
   88  00003074  20706167	
   88  00003078  650a00  	
   89  0000307b          	.align 2
   90  0000307c          	LC3_LF0:
   91  0000307c  74657374	.ascii "test1: Written to first heap page\n\000"
   91  00003080  313a2057	
   91  00003084  72697474	
   91  00003088  656e2074	
   91  0000308c  6f206669	
   91  00003090  72737420	
   91  00003094  68656170	
   91  00003098  20706167	
   91  0000309c  650a00  	
   92  0000309f          	.align 2
   93  000030a0          	LC4_LF0:
   94  000030a0  74657374	.ascii "test1: Writing to second heap page\n\000"
   94  000030a4  313a2057	
   94  000030a8  72697469	
   94  000030ac  6e672074	
   94  000030b0  6f207365	
   94  000030b4  636f6e64	
   94  000030b8  20686561	
   94  000030bc  70207061	
   94  000030c0  67650a00	
   95  000030c4          	.align 2
   96  000030c4          	LC5_LF0:
   97  000030c4  74657374	.ascii "test1: Written to second heap page\n\000"
   97  000030c8  313a2057	
   97  000030cc  72697474	
   97  000030d0  656e2074	
   97  000030d4  6f207365	
   97  000030d8  636f6e64	
   97  000030dc  20686561	
   97  000030e0  70207061	
   97  000030e4  67650a00	
   98  000030e8          	.align 2
   99  000030e8          	LC6_LF0:
  100  000030e8  74657374	.ascii "test1: Attempting to write to out of bounds\n\000"
  100  000030ec  313a2041	
  100  000030f0  7474656d	
  100  000030f4  7074696e	
  100  000030f8  6720746f	
  100  000030fc  20777269	
  100  00003100  74652074	
  100  00003104  6f206f75	
  100  00003108  74206f66	
  100  0000310c  20626f75	
  100  00003110  6e64730a	
  100  00003114  00      	
  101  00003115          	.text
  102  000010d4          	.align 2
  103  000010d4          	.proc _test1
  104  000010d4          	.global _test1
  105  000010d4          	_test1:
  106                      ;  Function 'test1'; 0 bytes of locals, 2 regs to save.
  107  000010d4  afbefffc	sw	-4(r29),r30; push fp
  108  000010d8  001df020	add	r30,r0,r29; fp = sp
  109  000010dc  afbffff8	sw	-8(r29),r31; push ret addr
  110  000010e0  2fbd0010	subui	r29,r29,#16; alloc local storage
  111  000010e4  afa20000	sw	0(r29),r2
  112  000010e8  afa30004	sw	4(r29),r3
  113  000010ec  23bdfff8	addi	r29,r29,#-8
  114  000010f0  20032000	addi	r3,r0,#8192
  115  000010f4  afa30000	sw	(r29),r3
  116  000010f8  0c00041c	jal	_malloc
  117  000010fc  54000000	nop; not filled.
  118  00001100  00011020	add	r2,r0,r1
  119  00001104  23bd0008	addi	r29,r29,#8
  120  00001108  64410000	snei	r1,r2,#0
  121  0000110c  14200030	bnez	r1,L17_LF0
  122  00001110  54000000	nop; not filled.
  123  00001114  23bdfff8	addi	r29,r29,#-8
  124  00001118  3c030000	lhi	r3,((LC0_LF0)>>16)&0xffff
  125  0000111c  24633000	addui	r3,r3,(LC0_LF0)&0xffff
  126  00001120  afa30000	sw	(r29),r3
  127  00001124  20030003	addi	r3,r0,#3
  128  00001128  afa30004	sw	4(r29),r3
  129  0000112c  0c0002d4	jal	_Printf
  130  00001130  54000000	nop; not filled.
  131  00001134  23bd0008	addi	r29,r29,#8
  132  00001138  0800002c	j	L18_LF0
  133  0000113c  54000000	nop; not filled.
  134  00001140          	L17_LF0:
  135  00001140  23bdfff0	addi	r29,r29,#-16
  136  00001144  3c030000	lhi	r3,((LC1_LF0)>>16)&0xffff
  137  00001148  2463302c	addui	r3,r3,(LC1_LF0)&0xffff
  138  0000114c  afa30000	sw	(r29),r3
  139  00001150  20030003	addi	r3,r0,#3
  140  00001154  afa30004	sw	4(r29),r3
  141  00001158  afa20008	sw	8(r29),r2
  142  0000115c  0c0002a4	jal	_Printf
  143  00001160  54000000	nop; not filled.
  144  00001164  23bd0010	addi	r29,r29,#16
  145  00001168          	L18_LF0:
  146  00001168  23bdfff8	addi	r29,r29,#-8
  147  0000116c  3c030000	lhi	r3,((LC2_LF0)>>16)&0xffff
  148  00001170  24633058	addui	r3,r3,(LC2_LF0)&0xffff
  149  00001174  afa30000	sw	(r29),r3
  150  00001178  0c000288	jal	_Printf
  151  0000117c  54000000	nop; not filled.
  152  00001180  20030041	addi	r3,r0,(#0x41)&0xff
  153  00001184  a0430000	sb	(r2),r3
  154  00001188  3c030000	lhi	r3,((LC3_LF0)>>16)&0xffff
  155  0000118c  2463307c	addui	r3,r3,(LC3_LF0)&0xffff
  156  00001190  afa30000	sw	(r29),r3
  157  00001194  0c00026c	jal	_Printf
  158  00001198  54000000	nop; not filled.
  159  0000119c  3c030000	lhi	r3,((LC4_LF0)>>16)&0xffff
  160  000011a0  246330a0	addui	r3,r3,(LC4_LF0)&0xffff
  161  000011a4  afa30000	sw	(r29),r3
  162  000011a8  0c000258	jal	_Printf
  163  000011ac  54000000	nop; not filled.
  164  000011b0  20030042	addi	r3,r0,(#0x42)&0xff
  165  000011b4  a0431000	sb	4096(r2),r3
  166  000011b8  3c030000	lhi	r3,((LC5_LF0)>>16)&0xffff
  167  000011bc  246330c4	addui	r3,r3,(LC5_LF0)&0xffff
  168  000011c0  afa30000	sw	(r29),r3
  169  000011c4  0c00023c	jal	_Printf
  170  000011c8  54000000	nop; not filled.
  171  000011cc  3c030000	lhi	r3,((LC6_LF0)>>16)&0xffff
  172  000011d0  246330e8	addui	r3,r3,(LC6_LF0)&0xffff
  173  000011d4  afa30000	sw	(r29),r3
  174  000011d8  0c000228	jal	_Printf
  175  000011dc  54000000	nop; not filled.
  176  000011e0  20030043	addi	r3,r0,(#0x43)&0xff
  177  000011e4  a0432000	sb	8192(r2),r3
  178  000011e8  23bd0008	addi	r29,r29,#8
  179  000011ec  8fa20000	lw	r2,0(r29)
  180  000011f0  8fa30004	lw	r3,4(r29)
  181  000011f4  8fdffff8	lw	r31,-8(r30)
  182  000011f8  001ee820	add	r29,r0,r30
  183  000011fc  8fdefffc	lw	r30,-4(r30)
  184  00001200  4be00000	jr	r31
  185  00001204  54000000	nop
  186  00001208          	.endproc _test1
  187  00001208          	.data
  188  00003115          	.align 2
  189  00003118          	LC7_LF0:
  190  00003118  74657374	.ascii "test2: Attempting to allocate 64KB of memory\n\000"
  190  0000311c  323a2041	
  190  00003120  7474656d	
  190  00003124  7074696e	
  190  00003128  6720746f	
  190  0000312c  20616c6c	
  190  00003130  6f636174	
  190  00003134  65203634	
  190  00003138  4b42206f	
  190  0000313c  66206d65	
  190  00003140  6d6f7279	
  190  00003144  0a00    	
  191  00003146          	.align 2
  192  00003148          	LC8_LF0:
  193  00003148  74657374	.ascii "test2: [1/1] malloc(65536) returned NULL\n\000"
  193  0000314c  323a205b	
  193  00003150  312f315d	
  193  00003154  206d616c	
  193  00003158  6c6f6328	
  193  0000315c  36353533	
  193  00003160  36292072	
  193  00003164  65747572	
  193  00003168  6e656420	
  193  0000316c  4e554c4c	
  193  00003170  0a00    	
  194  00003172          	.align 2
  195  00003174          	LC9_LF0:
  196  00003174  74657374	.ascii "test2: [1/1] malloc(65536) returned: %d\n\000"
  196  00003178  323a205b	
  196  0000317c  312f315d	
  196  00003180  206d616c	
  196  00003184  6c6f6328	
  196  00003188  36353533	
  196  0000318c  36292072	
  196  00003190  65747572	
  196  00003194  6e65643a	
  196  00003198  2025640a	
  196  0000319c  00      	
  197  0000319d          	.align 2
  198  000031a0          	LC10_LF0:
  199  000031a0  74657374	.ascii "test2: Writing to first 4096 bytes of the allocated memory\n\000"
  199  000031a4  323a2057	
  199  000031a8  72697469	
  199  000031ac  6e672074	
  199  000031b0  6f206669	
  199  000031b4  72737420	
  199  000031b8  34303936	
  199  000031bc  20627974	
  199  000031c0  6573206f	
  199  000031c4  66207468	
  199  000031c8  6520616c	
  199  000031cc  6c6f6361	
  199  000031d0  74656420	
  199  000031d4  6d656d6f	
  199  000031d8  72790a00	
  200  000031dc          	.align 2
  201  000031dc          	LC11_LF0:
  202  000031dc  74657374	.ascii "test2: Written to first 4096 bytes of the allocated memory\n\000"
  202  000031e0  323a2057	
  202  000031e4  72697474	
  202  000031e8  656e2074	
  202  000031ec  6f206669	
  202  000031f0  72737420	
  202  000031f4  34303936	
  202  000031f8  20627974	
  202  000031fc  6573206f	
  202  00003200  66207468	
  202  00003204  6520616c	
  202  00003208  6c6f6361	
  202  0000320c  74656420	
  202  00003210  6d656d6f	
  202  00003214  72790a00	
  203  00003218          	.align 2
  204  00003218          	LC12_LF0:
  205  00003218  74657374	.ascii "test2: Writing to second 4096 bytes of the allocated memory\n\000"
  205  0000321c  323a2057	
  205  00003220  72697469	
  205  00003224  6e672074	
  205  00003228  6f207365	
  205  0000322c  636f6e64	
  205  00003230  20343039	
  205  00003234  36206279	
  205  00003238  74657320	
  205  0000323c  6f662074	
  205  00003240  68652061	
  205  00003244  6c6c6f63	
  205  00003248  61746564	
  205  0000324c  206d656d	
  205  00003250  6f72790a	
  205  00003254  00      	
  206  00003255          	.align 2
  207  00003258          	LC13_LF0:
  208  00003258  74657374	.ascii "test2: Written to last 4096 bytes of the allocated memory\n\000"
  208  0000325c  323a2057	
  208  00003260  72697474	
  208  00003264  656e2074	
  208  00003268  6f206c61	
  208  0000326c  73742034	
  208  00003270  30393620	
  208  00003274  62797465	
  208  00003278  73206f66	
  208  0000327c  20746865	
  208  00003280  20616c6c	
  208  00003284  6f636174	
  208  00003288  6564206d	
  208  0000328c  656d6f72	
  208  00003290  790a00  	
  209  00003293          	.align 2
  210  00003294          	LC14_LF0:
  211  00003294  74657374	.ascii "test2: Written to last 65344 bytes of the allocated memory\n\000"
  211  00003298  323a2057	
  211  0000329c  72697474	
  211  000032a0  656e2074	
  211  000032a4  6f206c61	
  211  000032a8  73742036	
  211  000032ac  35333434	
  211  000032b0  20627974	
  211  000032b4  6573206f	
  211  000032b8  66207468	
  211  000032bc  6520616c	
  211  000032c0  6c6f6361	
  211  000032c4  74656420	
  211  000032c8  6d656d6f	
  211  000032cc  72790a00	
  212  000032d0          	.align 2
  213  000032d0          	LC15_LF0:
  214  000032d0  74657374	.ascii "test2: Attempting to write to out of bounds\n\000"
  214  000032d4  323a2041	
  214  000032d8  7474656d	
  214  000032dc  7074696e	
  214  000032e0  6720746f	
  214  000032e4  20777269	
  214  000032e8  74652074	
  214  000032ec  6f206f75	
  214  000032f0  74206f66	
  214  000032f4  20626f75	
  214  000032f8  6e64730a	
  214  000032fc  00      	
  215  000032fd          	.align 2
  216  00003300          	LC16_LF0:
  217  00003300  74657374	.ascii "test2: Written to out of bounds\n\000"
  217  00003304  323a2057	
  217  00003308  72697474	
  217  0000330c  656e2074	
  217  00003310  6f206f75	
  217  00003314  74206f66	
  217  00003318  20626f75	
  217  0000331c  6e64730a	
  217  00003320  00      	
  218  00003321          	.text
  219  00001208          	.align 2
  220  00001208          	.proc _test2
  221  00001208          	.global _test2
  222  00001208          	_test2:
  223                      ;  Function 'test2'; 0 bytes of locals, 2 regs to save.
  224  00001208  afbefffc	sw	-4(r29),r30; push fp
  225  0000120c  001df020	add	r30,r0,r29; fp = sp
  226  00001210  afbffff8	sw	-8(r29),r31; push ret addr
  227  00001214  2fbd0010	subui	r29,r29,#16; alloc local storage
  228  00001218  afa20000	sw	0(r29),r2
  229  0000121c  afa30004	sw	4(r29),r3
  230  00001220  23bdfff8	addi	r29,r29,#-8
  231  00001224  3c030001	lhi	r3,#1
  232  00001228  24630000	addui	r3,r3,#0
  233  0000122c  afa30000	sw	(r29),r3
  234  00001230  0c0002e4	jal	_malloc
  235  00001234  54000000	nop; not filled.
  236  00001238  00011020	add	r2,r0,r1
  237  0000123c  3c030000	lhi	r3,((LC7_LF0)>>16)&0xffff
  238  00001240  24633118	addui	r3,r3,(LC7_LF0)&0xffff
  239  00001244  afa30000	sw	(r29),r3
  240  00001248  0c0001b8	jal	_Printf
  241  0000124c  54000000	nop; not filled.
  242  00001250  23bd0008	addi	r29,r29,#8
  243  00001254  64410000	snei	r1,r2,#0
  244  00001258  1420001c	bnez	r1,L20_LF0
  245  0000125c  54000000	nop; not filled.
  246  00001260  23bdfff8	addi	r29,r29,#-8
  247  00001264  3c030000	lhi	r3,((LC8_LF0)>>16)&0xffff
  248  00001268  24633148	addui	r3,r3,(LC8_LF0)&0xffff
  249  0000126c  afa30000	sw	(r29),r3
  250  00001270  08000018	j	L22_LF0
  251  00001274  54000000	nop; not filled.
  252  00001278          	L20_LF0:
  253  00001278  23bdfff8	addi	r29,r29,#-8
  254  0000127c  3c030000	lhi	r3,((LC9_LF0)>>16)&0xffff
  255  00001280  24633174	addui	r3,r3,(LC9_LF0)&0xffff
  256  00001284  afa30000	sw	(r29),r3
  257  00001288  afa20004	sw	4(r29),r2
  258  0000128c          	L22_LF0:
  259  0000128c  0c000174	jal	_Printf
  260  00001290  54000000	nop; not filled.
  261  00001294  23bd0008	addi	r29,r29,#8
  262  00001298  23bdfff8	addi	r29,r29,#-8
  263  0000129c  3c030000	lhi	r3,((LC10_LF0)>>16)&0xffff
  264  000012a0  246331a0	addui	r3,r3,(LC10_LF0)&0xffff
  265  000012a4  afa30000	sw	(r29),r3
  266  000012a8  0c000158	jal	_Printf
  267  000012ac  54000000	nop; not filled.
  268  000012b0  20030041	addi	r3,r0,(#0x41)&0xff
  269  000012b4  a0430000	sb	(r2),r3
  270  000012b8  3c030000	lhi	r3,((LC11_LF0)>>16)&0xffff
  271  000012bc  246331dc	addui	r3,r3,(LC11_LF0)&0xffff
  272  000012c0  afa30000	sw	(r29),r3
  273  000012c4  0c00013c	jal	_Printf
  274  000012c8  54000000	nop; not filled.
  275  000012cc  3c030000	lhi	r3,((LC12_LF0)>>16)&0xffff
  276  000012d0  24633218	addui	r3,r3,(LC12_LF0)&0xffff
  277  000012d4  afa30000	sw	(r29),r3
  278  000012d8  0c000128	jal	_Printf
  279  000012dc  54000000	nop; not filled.
  280  000012e0  20030042	addi	r3,r0,(#0x42)&0xff
  281  000012e4  a0431000	sb	4096(r2),r3
  282  000012e8  3c030000	lhi	r3,((LC13_LF0)>>16)&0xffff
  283  000012ec  24633258	addui	r3,r3,(LC13_LF0)&0xffff
  284  000012f0  afa30000	sw	(r29),r3
  285  000012f4  0c00010c	jal	_Printf
  286  000012f8  54000000	nop; not filled.
  287  000012fc  2441ff40	addui	r1,r2,#65344
  288  00001300  20030043	addi	r3,r0,(#0x43)&0xff
  289  00001304  a0230000	sb	(r1),r3
  290  00001308  3c030000	lhi	r3,((LC14_LF0)>>16)&0xffff
  291  0000130c  24633294	addui	r3,r3,(LC14_LF0)&0xffff
  292  00001310  afa30000	sw	(r29),r3
  293  00001314  0c0000ec	jal	_Printf
  294  00001318  54000000	nop; not filled.
  295  0000131c  3c030000	lhi	r3,((LC15_LF0)>>16)&0xffff
  296  00001320  246332d0	addui	r3,r3,(LC15_LF0)&0xffff
  297  00001324  afa30000	sw	(r29),r3
  298  00001328  0c0000d8	jal	_Printf
  299  0000132c  54000000	nop; not filled.
  300  00001330  3c030001	lhi	r3,#1
  301  00001334  24630000	addui	r3,r3,#0
  302  00001338  00430820	add	r1,r2,r3
  303  0000133c  20030044	addi	r3,r0,(#0x44)&0xff
  304  00001340  a0230000	sb	(r1),r3
  305  00001344  3c030000	lhi	r3,((LC16_LF0)>>16)&0xffff
  306  00001348  24633300	addui	r3,r3,(LC16_LF0)&0xffff
  307  0000134c  afa30000	sw	(r29),r3
  308  00001350  0c0000b0	jal	_Printf
  309  00001354  54000000	nop; not filled.
  310  00001358  23bd0008	addi	r29,r29,#8
  311  0000135c  8fa20000	lw	r2,0(r29)
  312  00001360  8fa30004	lw	r3,4(r29)
  313  00001364  8fdffff8	lw	r31,-8(r30)
  314  00001368  001ee820	add	r29,r0,r30
  315  0000136c  8fdefffc	lw	r30,-4(r30)
  316  00001370  4be00000	jr	r31
  317  00001374  54000000	nop
  318  00001378          	.endproc _test2
  319  00001378          	.data
  320  00003321          	.align 2
  321  00003324          	LC17_LF0:
  322  00003324  416c6c20	.ascii "All tests done!\n\000"
  322  00003328  74657374	
  322  0000332c  7320646f	
  322  00003330  6e65210a	
  322  00003334  00      	
  323  00003335          	.text
  324  00001378          	.align 2
  325  00001378          	.proc _main
  326  00001378          	.global _main
  327  00001378          	_main:
  328                      ;  Function 'main'; 0 bytes of locals, 0 regs to save.
  329  00001378  afbefffc	sw	-4(r29),r30; push fp
  330  0000137c  001df020	add	r30,r0,r29; fp = sp
  331  00001380  afbffff8	sw	-8(r29),r31; push ret addr
  332  00001384  2fbd0008	subui	r29,r29,#8; alloc local storage
  333  00001388  0c000f38	jal	___main
  334  0000138c  54000000	nop; not filled.
  335  00001390  0ffffe74	jal	_test2
  336  00001394  54000000	nop; not filled.
  337  00001398  23bdfff8	addi	r29,r29,#-8
  338  0000139c  3c010000	lhi	r1,((LC17_LF0)>>16)&0xffff
  339  000013a0  24213324	addui	r1,r1,(LC17_LF0)&0xffff
  340  000013a4  afa10000	sw	(r29),r1
  341  000013a8  0c000058	jal	_Printf
  342  000013ac  54000000	nop; not filled.
  343  000013b0  23bd0008	addi	r29,r29,#8
  344  000013b4  0c000f00	jal	_exit
  345  000013b8  54000000	nop
  346  000013bc          	.endproc _main
  347                      ;;;
  348                      ;;; Stub functions for DLX traps.
  349                      ;;;
  350                      ;;; Ethan L. Miller, 1999.  Released to the public domain.
  351                      ;;;
  352                      ;;; The traps such as Open and Close
  353                      ;;; (note the capital letters) are for use by user programs.  The traps
  354                      ;;; with names such as open and close (lower case) are for use by the OS.
  355                      ;;;
  358  000013bc          	.align 2
  360                      ;;; The following are the traps to be used by user-level programs
  361                      ;;;
  363  000013bc          	.align 2
  364  000013bc          	.proc _Open
  365  000013bc          	.global _Open
  366  000013bc          	_Open:
  367                      ;;; Note that trap #0x213 actually causes a trap vector in the OS of
  368                      ;;; 0x1213.  The same is true for other user traps.  Thus, a user trap
  369                      ;;; with trap #0x240 will result in a trap vector of 0x1240 in the OS.
  370  000013bc  44000213	trap	#0x213
  371  000013c0  4be00000	jr	r31
  372  000013c4  54000000	nop
  373  000013c8          	.endproc _Open
  375  000013c8          	.proc _Close
  376  000013c8          	.global _Close
  377  000013c8          	_Close:
  378  000013c8  44000214	trap	#0x214
  379  000013cc  4be00000	jr	r31
  380  000013d0  54000000	nop
  381  000013d4          	.endproc _Close
  383  000013d4          	.proc _Read
  384  000013d4          	.global _Read
  385  000013d4          	_Read:
  386  000013d4  44000210	trap	#0x210
  387  000013d8  4be00000	jr	r31
  388  000013dc  54000000	nop
  389  000013e0          	.endproc _Read
  391  000013e0          	.proc _Write
  392  000013e0          	.global _Write
  393  000013e0          	_Write:
  394  000013e0  44000211	trap	#0x211
  395  000013e4  4be00000	jr	r31
  396  000013e8  54000000	nop
  397  000013ec          	.endproc _Write
  399  000013ec          	.proc _Lseek
  400  000013ec          	.global _Lseek
  401  000013ec          	_Lseek:
  402  000013ec  44000212	trap	#0x212
  403  000013f0  4be00000	jr	r31
  404  000013f4  54000000	nop
  405  000013f8          	.endproc _Lseek
  407  000013f8          	.proc _Putchar
  408  000013f8          	.global _Putchar
  409  000013f8          	_Putchar:
  410  000013f8  44000280	trap	#0x280
  411  000013fc  4be00000	jr	r31
  412  00001400  54000000	nop
  413  00001404          	.endproc _Putchar
  415  00001404          	.proc _Printf
  416  00001404          	.global _Printf
  417  00001404          	_Printf:
  418  00001404  44000201	trap	#0x201
  419  00001408  4be00000	jr	r31
  420  0000140c  54000000	nop
  421  00001410          	.endproc _Printf
  423  00001410          	.proc _getpid
  424  00001410          	.global _getpid
  425  00001410          	_getpid:
  426  00001410  44000431	trap	#0x431
  427  00001414  4be00000	jr	r31
  428  00001418  54000000	nop
  429  0000141c          	.endproc _getpid
  431  0000141c          	.proc _process_create
  432  0000141c          	.global _process_create
  433  0000141c          	_process_create:
  434  0000141c  44000432	trap	#0x432
  435  00001420  4be00000	jr	r31
  436  00001424  54000000	nop
  437  00001428          	.endproc _process_create
  439  00001428          	.proc _shmget
  440  00001428          	.global _shmget
  441  00001428          	_shmget:
  442  00001428  44000440	trap	#0x440
  443  0000142c  4be00000	jr	r31
  444  00001430  54000000	nop
  445  00001434          	.endproc _shmget
  447  00001434          	.proc _shmat
  448  00001434          	.global _shmat
  449  00001434          	_shmat:
  450  00001434  44000441	trap	#0x441
  451  00001438  4be00000	jr	r31
  452  0000143c  54000000	nop
  453  00001440          	.endproc _shmat
  455  00001440          	.proc _sem_create
  456  00001440          	.global _sem_create
  457  00001440          	_sem_create:
  458  00001440  44000450	trap	#0x450
  459  00001444  4be00000	jr	r31
  460  00001448  54000000	nop
  461  0000144c          	.endproc _sem_create
  463  0000144c          	.proc _sem_wait
  464  0000144c          	.global _sem_wait
  465  0000144c          	_sem_wait:
  466  0000144c  44000451	trap	#0x451
  467  00001450  4be00000	jr	r31
  468  00001454  54000000	nop
  469  00001458          	.endproc _sem_wait
  471  00001458          	.proc _sem_signal
  472  00001458          	.global _sem_signal
  473  00001458          	_sem_signal:
  474  00001458  44000452	trap	#0x452
  475  0000145c  4be00000	jr	r31
  476  00001460  54000000	nop
  477  00001464          	.endproc _sem_signal
  479  00001464          	.proc _lock_create
  480  00001464          	.global _lock_create
  481  00001464          	_lock_create:
  482  00001464  44000453	trap	#0x453
  483  00001468  4be00000	jr	r31
  484  0000146c  54000000	nop
  485  00001470          	.endproc _lock_create
  487  00001470          	.proc _lock_acquire
  488  00001470          	.global _lock_acquire
  489  00001470          	_lock_acquire:
  490  00001470  44000454	trap	#0x454
  491  00001474  4be00000	jr	r31
  492  00001478  54000000	nop
  493  0000147c          	.endproc _lock_acquire
  495  0000147c          	.proc _lock_release
  496  0000147c          	.global _lock_release
  497  0000147c          	_lock_release:
  498  0000147c  44000455	trap	#0x455
  499  00001480  4be00000	jr	r31
  500  00001484  54000000	nop
  501  00001488          	.endproc _lock_release
  503  00001488          	.proc _cond_create
  504  00001488          	.global _cond_create
  505  00001488          	_cond_create:
  506  00001488  44000456	trap	#0x456
  507  0000148c  4be00000	jr	r31
  508  00001490  54000000	nop
  509  00001494          	.endproc _cond_create
  511  00001494          	.proc _cond_wait
  512  00001494          	.global _cond_wait
  513  00001494          	_cond_wait:
  514  00001494  44000457	trap	#0x457
  515  00001498  4be00000	jr	r31
  516  0000149c  54000000	nop
  517  000014a0          	.endproc _cond_wait
  519  000014a0          	.proc _cond_signal
  520  000014a0          	.global _cond_signal
  521  000014a0          	_cond_signal:
  522  000014a0  44000458	trap	#0x458
  523  000014a4  4be00000	jr	r31
  524  000014a8  54000000	nop
  525  000014ac          	.endproc _cond_signal
  527  000014ac          	.proc _cond_broadcast
  528  000014ac          	.global _cond_broadcast
  529  000014ac          	_cond_broadcast:
  530  000014ac  44000459	trap	#0x459
  531  000014b0  4be00000	jr	r31
  532  000014b4  54000000	nop
  533  000014b8          	.endproc _cond_broadcast
  535  000014b8          	.proc _mbox_create
  536  000014b8          	.global _mbox_create
  537  000014b8          	_mbox_create:
  538  000014b8  44000460	trap	#0x460
  539  000014bc  4be00000	jr	r31
  540  000014c0  54000000	nop
  541  000014c4          	.endproc _mbox_create
  543  000014c4          	.proc _mbox_open
  544  000014c4          	.global _mbox_open
  545  000014c4          	_mbox_open:
  546  000014c4  44000461	trap	#0x461
  547  000014c8  4be00000	jr	r31
  548  000014cc  54000000	nop
  549  000014d0          	.endproc _mbox_open
  551  000014d0          	.proc _mbox_close
  552  000014d0          	.global _mbox_close
  553  000014d0          	_mbox_close:
  554  000014d0  44000462	trap	#0x462
  555  000014d4  4be00000	jr	r31
  556  000014d8  54000000	nop
  557  000014dc          	.endproc _mbox_close
  559  000014dc          	.proc _mbox_send
  560  000014dc          	.global _mbox_send
  561  000014dc          	_mbox_send:
  562  000014dc  44000463	trap	#0x463
  563  000014e0  4be00000	jr	r31
  564  000014e4  54000000	nop
  565  000014e8          	.endproc _mbox_send
  567  000014e8          	.proc _mbox_recv
  568  000014e8          	.global _mbox_recv
  569  000014e8          	_mbox_recv:
  570  000014e8  44000464	trap	#0x464
  571  000014ec  4be00000	jr	r31
  572  000014f0  54000000	nop
  573  000014f4          	.endproc _mbox_recv
  575  000014f4          	.proc _sleep
  576  000014f4          	.global _sleep
  577  000014f4          	_sleep:
  578  000014f4  44000465	trap	#0x465
  579  000014f8  4be00000	jr	r31
  580  000014fc  54000000	nop
  581  00001500          	.endproc _sleep
  583  00001500          	.proc _yield
  584  00001500          	.global _yield
  585  00001500          	_yield:
  586  00001500  44000466	trap	#0x466
  587  00001504  4be00000	jr	r31
  588  00001508  54000000	nop
  589  0000150c          	.endproc _yield
  592  0000150c          	.proc _Exit
  593  0000150c          	.global _Exit
  594  0000150c          	_Exit:
  595  0000150c  44000500	trap	#0x500
  596  00001510  4be00000	jr	r31
  597  00001514  54000000	nop
  598  00001518          	.endproc _Exit
  601  00001518          	.proc _malloc
  602  00001518          	.global _malloc
  603  00001518          	_malloc:
  604  00001518  44000467	trap	#0x467
  605  0000151c  4be00000	jr	r31
  606  00001520          	.endproc _malloc
  609  00001520          	.proc _mfree
  610  00001520          	.global _mfree
  611  00001520          	_mfree:
  612  00001520  44000468	trap	#0x468
  613  00001524  4be00000	jr	r31
  614  00001528          	.endproc _mfree
  615                      ; Compiled by GCC
  617  00001528          	.align 2
  618  00001528          	.proc _isspace
  619  00001528          	.global _isspace
  620  00001528          	_isspace:
  621                      ;  Function 'isspace'; 0 bytes of locals, 3 regs to save.
  622  00001528  afbefffc	sw	-4(r29),r30; push fp
  623  0000152c  001df020	add	r30,r0,r29; fp = sp
  624  00001530  afbffff8	sw	-8(r29),r31; push ret addr
  625  00001534  2fbd0018	subui	r29,r29,#24; alloc local storage
  626  00001538  afa20000	sw	0(r29),r2
  627  0000153c  afa30004	sw	4(r29),r3
  628  00001540  afa40008	sw	8(r29),r4
  629  00001544  83c20003	lb	r2,3(r30)
  630  00001548  20010000	addi	r1,r0,#0
  631  0000154c  304300ff	andi	r3,r2,#0x00ff
  632  00001550  60640020	seqi	r4,r3,#32
  633  00001554  1480002c	bnez	r4,L3_LF2
  634  00001558  54000000	nop; delay slot nop
  635  0000155c  304300ff	andi	r3,r2,#0x00ff
  636  00001560  60640009	seqi	r4,r3,#9
  637  00001564  1480001c	bnez	r4,L3_LF2
  638  00001568  54000000	nop; delay slot nop
  639  0000156c  304300ff	andi	r3,r2,#0x00ff
  640  00001570  6064000a	seqi	r4,r3,#10
  641  00001574  1480000c	bnez	r4,L3_LF2
  642  00001578  54000000	nop; delay slot nop
  643  0000157c  08000008	j	L2_LF2
  644  00001580  54000000	nop; delay slot nop
  645  00001584          	L3_LF2:
  646  00001584  20010001	addi	r1,r0,#1
  647  00001588          	L2_LF2:
  648  00001588  08000004	j	L1_LF2
  649  0000158c  54000000	nop; delay slot nop
  650  00001590          	L1_LF2:
  651  00001590  8fa20000	lw	r2,0(r29)
  652  00001594  8fa30004	lw	r3,4(r29)
  653  00001598  8fa40008	lw	r4,8(r29)
  654  0000159c  8fdffff8	lw	r31,-8(r30)
  655  000015a0  001ee820	add	r29,r0,r30
  656  000015a4  8fdefffc	lw	r30,-4(r30)
  657  000015a8  4be00000	jr	r31
  658  000015ac  54000000	nop
  659  000015b0          	.endproc _isspace
  660  000015b0          	.align 2
  661  000015b0          	.proc _isxdigit
  662  000015b0          	.global _isxdigit
  663  000015b0          	_isxdigit:
  664                      ;  Function 'isxdigit'; 0 bytes of locals, 3 regs to save.
  665  000015b0  afbefffc	sw	-4(r29),r30; push fp
  666  000015b4  001df020	add	r30,r0,r29; fp = sp
  667  000015b8  afbffff8	sw	-8(r29),r31; push ret addr
  668  000015bc  2fbd0018	subui	r29,r29,#24; alloc local storage
  669  000015c0  afa20000	sw	0(r29),r2
  670  000015c4  afa30004	sw	4(r29),r3
  671  000015c8  afa40008	sw	8(r29),r4
  672  000015cc  83c20003	lb	r2,3(r30)
  673  000015d0  20010000	addi	r1,r0,#0
  674  000015d4  304300ff	andi	r3,r2,#0x00ff
  675  000015d8  6c64002f	sgtui	r4,r3,#47
  676  000015dc  1080001c	beqz	r4,L7_LF2
  677  000015e0  54000000	nop; delay slot nop
  678  000015e4  304300ff	andi	r3,r2,#0x00ff
  679  000015e8  70640039	sleui	r4,r3,#57
  680  000015ec  1480005c	bnez	r4,L6_LF2
  681  000015f0  54000000	nop; delay slot nop
  682  000015f4  08000004	j	L7_LF2
  683  000015f8  54000000	nop; delay slot nop
  684  000015fc          	L7_LF2:
  685  000015fc  304300ff	andi	r3,r2,#0x00ff
  686  00001600  6c640060	sgtui	r4,r3,#96
  687  00001604  1080001c	beqz	r4,L8_LF2
  688  00001608  54000000	nop; delay slot nop
  689  0000160c  304300ff	andi	r3,r2,#0x00ff
  690  00001610  70640066	sleui	r4,r3,#102
  691  00001614  14800034	bnez	r4,L6_LF2
  692  00001618  54000000	nop; delay slot nop
  693  0000161c  08000004	j	L8_LF2
  694  00001620  54000000	nop; delay slot nop
  695  00001624          	L8_LF2:
  696  00001624  304300ff	andi	r3,r2,#0x00ff
  697  00001628  6c640040	sgtui	r4,r3,#64
  698  0000162c  10800020	beqz	r4,L5_LF2
  699  00001630  54000000	nop; delay slot nop
  700  00001634  304300ff	andi	r3,r2,#0x00ff
  701  00001638  70640041	sleui	r4,r3,#65
  702  0000163c  1480000c	bnez	r4,L6_LF2
  703  00001640  54000000	nop; delay slot nop
  704  00001644  08000008	j	L5_LF2
  705  00001648  54000000	nop; delay slot nop
  706  0000164c          	L6_LF2:
  707  0000164c  20010001	addi	r1,r0,#1
  708  00001650          	L5_LF2:
  709  00001650  08000004	j	L4_LF2
  710  00001654  54000000	nop; delay slot nop
  711  00001658          	L4_LF2:
  712  00001658  8fa20000	lw	r2,0(r29)
  713  0000165c  8fa30004	lw	r3,4(r29)
  714  00001660  8fa40008	lw	r4,8(r29)
  715  00001664  8fdffff8	lw	r31,-8(r30)
  716  00001668  001ee820	add	r29,r0,r30
  717  0000166c  8fdefffc	lw	r30,-4(r30)
  718  00001670  4be00000	jr	r31
  719  00001674  54000000	nop
  720  00001678          	.endproc _isxdigit
  721  00001678          	.align 2
  722  00001678          	.proc _dstrcpy
  723  00001678          	.global _dstrcpy
  724  00001678          	_dstrcpy:
  725                      ;  Function 'dstrcpy'; 8 bytes of locals, 2 regs to save.
  726  00001678  afbefffc	sw	-4(r29),r30; push fp
  727  0000167c  001df020	add	r30,r0,r29; fp = sp
  728  00001680  afbffff8	sw	-8(r29),r31; push ret addr
  729  00001684  2fbd0018	subui	r29,r29,#24; alloc local storage
  730  00001688  afa20000	sw	0(r29),r2
  731  0000168c  afa30004	sw	4(r29),r3
  732  00001690  8fc10000	lw	r1,(r30)
  733  00001694  afc1fff4	sw	-12(r30),r1
  734  00001698          	L10_LF2:
  735  00001698  8fc10000	lw	r1,(r30)
  736  0000169c  20220001	addi	r2,r1,#1
  737  000016a0  afc20000	sw	(r30),r2
  738  000016a4  8fc20004	lw	r2,4(r30)
  739  000016a8  20430001	addi	r3,r2,#1
  740  000016ac  afc30004	sw	4(r30),r3
  741  000016b0  80420000	lb	r2,(r2)
  742  000016b4  a0220000	sb	(r1),r2
  743  000016b8  a3c2fff3	sb	-13(r30),r2
  744  000016bc          	L12_LF2:
  745  000016bc  93c1fff3	lbu	r1,-13(r30)
  746  000016c0  64220000	snei	r2,r1,#0
  747  000016c4  1440000c	bnez	r2,L13_LF2
  748  000016c8  54000000	nop; delay slot nop
  749  000016cc  0800000c	j	L11_LF2
  750  000016d0  54000000	nop; delay slot nop
  751  000016d4          	L13_LF2:
  752  000016d4  0bffffc0	j	L10_LF2
  753  000016d8  54000000	nop; delay slot nop
  754  000016dc          	L11_LF2:
  755  000016dc  8fc1fff4	lw	r1,-12(r30)
  756  000016e0  08000004	j	L9_LF2
  757  000016e4  54000000	nop; delay slot nop
  758  000016e8          	L9_LF2:
  759  000016e8  8fa20000	lw	r2,0(r29)
  760  000016ec  8fa30004	lw	r3,4(r29)
  761  000016f0  8fdffff8	lw	r31,-8(r30)
  762  000016f4  001ee820	add	r29,r0,r30
  763  000016f8  8fdefffc	lw	r30,-4(r30)
  764  000016fc  4be00000	jr	r31
  765  00001700  54000000	nop
  766  00001704          	.endproc _dstrcpy
  767  00001704          	.align 2
  768  00001704          	.proc _dstrncpy
  769  00001704          	.global _dstrncpy
  770  00001704          	_dstrncpy:
  771                      ;  Function 'dstrncpy'; 8 bytes of locals, 2 regs to save.
  772  00001704  afbefffc	sw	-4(r29),r30; push fp
  773  00001708  001df020	add	r30,r0,r29; fp = sp
  774  0000170c  afbffff8	sw	-8(r29),r31; push ret addr
  775  00001710  2fbd0018	subui	r29,r29,#24; alloc local storage
  776  00001714  afa20000	sw	0(r29),r2
  777  00001718  afa30004	sw	4(r29),r3
  778  0000171c  8fc10000	lw	r1,(r30)
  779  00001720  afc1fff4	sw	-12(r30),r1
  780  00001724          	L15_LF2:
  781  00001724  8fc10008	lw	r1,8(r30)
  782  00001728  2022ffff	addi	r2,r1,#-1
  783  0000172c  afc20008	sw	8(r30),r2
  784  00001730  70210000	slei	r1,r1,#0
  785  00001734  1020000c	beqz	r1,L18_LF2
  786  00001738  54000000	nop; delay slot nop
  787  0000173c  08000048	j	L16_LF2
  788  00001740  54000000	nop; delay slot nop
  789  00001744          	L18_LF2:
  790  00001744  8fc10000	lw	r1,(r30)
  791  00001748  20220001	addi	r2,r1,#1
  792  0000174c  afc20000	sw	(r30),r2
  793  00001750  8fc20004	lw	r2,4(r30)
  794  00001754  20430001	addi	r3,r2,#1
  795  00001758  afc30004	sw	4(r30),r3
  796  0000175c  80420000	lb	r2,(r2)
  797  00001760  a0220000	sb	(r1),r2
  798  00001764  a3c2fff3	sb	-13(r30),r2
  799  00001768          	L17_LF2:
  800  00001768  93c1fff3	lbu	r1,-13(r30)
  801  0000176c  64220000	snei	r2,r1,#0
  802  00001770  1440000c	bnez	r2,L19_LF2
  803  00001774  54000000	nop; delay slot nop
  804  00001778  0800000c	j	L16_LF2
  805  0000177c  54000000	nop; delay slot nop
  806  00001780          	L19_LF2:
  807  00001780  0bffffa0	j	L15_LF2
  808  00001784  54000000	nop; delay slot nop
  809  00001788          	L16_LF2:
  810  00001788  8fc1fff4	lw	r1,-12(r30)
  811  0000178c  08000004	j	L14_LF2
  812  00001790  54000000	nop; delay slot nop
  813  00001794          	L14_LF2:
  814  00001794  8fa20000	lw	r2,0(r29)
  815  00001798  8fa30004	lw	r3,4(r29)
  816  0000179c  8fdffff8	lw	r31,-8(r30)
  817  000017a0  001ee820	add	r29,r0,r30
  818  000017a4  8fdefffc	lw	r30,-4(r30)
  819  000017a8  4be00000	jr	r31
  820  000017ac  54000000	nop
  821  000017b0          	.endproc _dstrncpy
  822  000017b0          	.align 2
  823  000017b0          	.proc _dstrcat
  824  000017b0          	.global _dstrcat
  825  000017b0          	_dstrcat:
  826                      ;  Function 'dstrcat'; 8 bytes of locals, 1 regs to save.
  827  000017b0  afbefffc	sw	-4(r29),r30; push fp
  828  000017b4  001df020	add	r30,r0,r29; fp = sp
  829  000017b8  afbffff8	sw	-8(r29),r31; push ret addr
  830  000017bc  2fbd0018	subui	r29,r29,#24; alloc local storage
  831  000017c0  afa20000	sw	0(r29),r2
  832  000017c4  8fc10000	lw	r1,(r30)
  833  000017c8  afc1fff4	sw	-12(r30),r1
  834  000017cc          	L21_LF2:
  835  000017cc  8fc10000	lw	r1,(r30)
  836  000017d0  90220000	lbu	r2,(r1)
  837  000017d4  64410000	snei	r1,r2,#0
  838  000017d8  1420000c	bnez	r1,L23_LF2
  839  000017dc  54000000	nop; delay slot nop
  840  000017e0  0800001c	j	L22_LF2
  841  000017e4  54000000	nop; delay slot nop
  842  000017e8          	L23_LF2:
  843  000017e8  8fc20000	lw	r2,(r30)
  844  000017ec  20410001	addi	r1,r2,#1
  845  000017f0  00011020	add	r2,r0,r1
  846  000017f4  afc20000	sw	(r30),r2
  847  000017f8  0bffffd0	j	L21_LF2
  848  000017fc  54000000	nop; delay slot nop
  849  00001800          	L22_LF2:
  850  00001800  23bdfff8	addi	r29,r29,#-8
  851  00001804  001d0820	add	r1,r0,r29
  852  00001808  8fc20000	lw	r2,(r30)
  853  0000180c  ac220000	sw	(r1),r2
  854  00001810  8fc20004	lw	r2,4(r30)
  855  00001814  ac220004	sw	4(r1),r2
  856  00001818  0ffffe5c	jal	_dstrcpy
  857  0000181c  54000000	nop; delay slot nop
  858  00001820  23bd0008	addi	r29,r29,#8
  859  00001824  8fc1fff4	lw	r1,-12(r30)
  860  00001828  08000004	j	L20_LF2
  861  0000182c  54000000	nop; delay slot nop
  862  00001830          	L20_LF2:
  863  00001830  8fa20000	lw	r2,0(r29)
  864  00001834  8fdffff8	lw	r31,-8(r30)
  865  00001838  001ee820	add	r29,r0,r30
  866  0000183c  8fdefffc	lw	r30,-4(r30)
  867  00001840  4be00000	jr	r31
  868  00001844  54000000	nop
  869  00001848          	.endproc _dstrcat
  870  00001848          	.align 2
  871  00001848          	.proc _dstrncmp
  872  00001848          	.global _dstrncmp
  873  00001848          	_dstrncmp:
  874                      ;  Function 'dstrncmp'; 8 bytes of locals, 2 regs to save.
  875  00001848  afbefffc	sw	-4(r29),r30; push fp
  876  0000184c  001df020	add	r30,r0,r29; fp = sp
  877  00001850  afbffff8	sw	-8(r29),r31; push ret addr
  878  00001854  2fbd0018	subui	r29,r29,#24; alloc local storage
  879  00001858  afa20000	sw	0(r29),r2
  880  0000185c  afa30004	sw	4(r29),r3
  881  00001860  54000000	nop
  882  00001864  20010000	addi	r1,r0,#0
  883  00001868  afc1fff4	sw	-12(r30),r1
  884  0000186c          	L25_LF2:
  885  0000186c  8fc1fff4	lw	r1,-12(r30)
  886  00001870  8fc20008	lw	r2,8(r30)
  887  00001874  0022082a	slt	r1,r1,r2
  888  00001878  1420000c	bnez	r1,L28_LF2
  889  0000187c  54000000	nop; delay slot nop
  890  00001880  08000088	j	L26_LF2
  891  00001884  54000000	nop; delay slot nop
  892  00001888          	L28_LF2:
  893  00001888  8fc10004	lw	r1,4(r30)
  894  0000188c  90220000	lbu	r2,(r1)
  895  00001890  64410000	snei	r1,r2,#0
  896  00001894  14200018	bnez	r1,L29_LF2
  897  00001898  54000000	nop; delay slot nop
  898  0000189c  20010000	addi	r1,r0,#0
  899  000018a0  080000d8	j	L24_LF2
  900  000018a4  54000000	nop; delay slot nop
  901  000018a8  08000028	j	L30_LF2
  902  000018ac  54000000	nop; delay slot nop
  903  000018b0          	L29_LF2:
  904  000018b0  8fc10000	lw	r1,(r30)
  905  000018b4  8fc20004	lw	r2,4(r30)
  906  000018b8  90210000	lbu	r1,(r1)
  907  000018bc  90420000	lbu	r2,(r2)
  908  000018c0  00220829	sne	r1,r1,r2
  909  000018c4  1020000c	beqz	r1,L30_LF2
  910  000018c8  54000000	nop; delay slot nop
  911  000018cc  0800003c	j	L26_LF2
  912  000018d0  54000000	nop; delay slot nop
  913  000018d4          	L31_LF2:
  914  000018d4          	L30_LF2:
  915  000018d4  8fc20000	lw	r2,(r30)
  916  000018d8  20410001	addi	r1,r2,#1
  917  000018dc  00011020	add	r2,r0,r1
  918  000018e0  afc20000	sw	(r30),r2
  919  000018e4  8fc20004	lw	r2,4(r30)
  920  000018e8  20410001	addi	r1,r2,#1
  921  000018ec  00011020	add	r2,r0,r1
  922  000018f0  afc20004	sw	4(r30),r2
  923  000018f4          	L27_LF2:
  924  000018f4  8fc2fff4	lw	r2,-12(r30)
  925  000018f8  20410001	addi	r1,r2,#1
  926  000018fc  00011020	add	r2,r0,r1
  927  00001900  afc2fff4	sw	-12(r30),r2
  928  00001904  0bffff64	j	L25_LF2
  929  00001908  54000000	nop; delay slot nop
  930  0000190c          	L26_LF2:
  931  0000190c  8fc1fff4	lw	r1,-12(r30)
  932  00001910  8fc20008	lw	r2,8(r30)
  933  00001914  00220828	seq	r1,r1,r2
  934  00001918  10200018	beqz	r1,L32_LF2
  935  0000191c  54000000	nop; delay slot nop
  936  00001920  20010000	addi	r1,r0,#0
  937  00001924  08000054	j	L24_LF2
  938  00001928  54000000	nop; delay slot nop
  939  0000192c  0800004c	j	L33_LF2
  940  00001930  54000000	nop; delay slot nop
  941  00001934          	L32_LF2:
  942  00001934  8fc20000	lw	r2,(r30)
  943  00001938  90410000	lbu	r1,(r2)
  944  0000193c  8fc20004	lw	r2,4(r30)
  945  00001940  90430000	lbu	r3,(r2)
  946  00001944  00230822	sub	r1,r1,r3
  947  00001948  74220000	sgei	r2,r1,#0
  948  0000194c  10400020	beqz	r2,L34_LF2
  949  00001950  54000000	nop; delay slot nop
  950  00001954  8fc10000	lw	r1,(r30)
  951  00001958  8fc20004	lw	r2,4(r30)
  952  0000195c  90210000	lbu	r1,(r1)
  953  00001960  90420000	lbu	r2,(r2)
  954  00001964  00220829	sne	r1,r1,r2
  955  00001968  08000008	j	L35_LF2
  956  0000196c  54000000	nop; delay slot nop
  957  00001970          	L34_LF2:
  958  00001970  2001ffff	addi	r1,r0,#-1
  959  00001974          	L35_LF2:
  960  00001974  08000004	j	L24_LF2
  961  00001978  54000000	nop; delay slot nop
  962  0000197c          	L33_LF2:
  963  0000197c          	L24_LF2:
  964  0000197c  8fa20000	lw	r2,0(r29)
  965  00001980  8fa30004	lw	r3,4(r29)
  966  00001984  8fdffff8	lw	r31,-8(r30)
  967  00001988  001ee820	add	r29,r0,r30
  968  0000198c  8fdefffc	lw	r30,-4(r30)
  969  00001990  4be00000	jr	r31
  970  00001994  54000000	nop
  971  00001998          	.endproc _dstrncmp
  972  00001998          	.align 2
  973  00001998          	.proc _dstrlen
  974  00001998          	.global _dstrlen
  975  00001998          	_dstrlen:
  976                      ;  Function 'dstrlen'; 8 bytes of locals, 1 regs to save.
  977  00001998  afbefffc	sw	-4(r29),r30; push fp
  978  0000199c  001df020	add	r30,r0,r29; fp = sp
  979  000019a0  afbffff8	sw	-8(r29),r31; push ret addr
  980  000019a4  2fbd0018	subui	r29,r29,#24; alloc local storage
  981  000019a8  afa20000	sw	0(r29),r2
  982  000019ac  20010000	addi	r1,r0,#0
  983  000019b0  afc1fff4	sw	-12(r30),r1
  984  000019b4          	L37_LF2:
  985  000019b4  8fc10000	lw	r1,(r30)
  986  000019b8  20220001	addi	r2,r1,#1
  987  000019bc  afc20000	sw	(r30),r2
  988  000019c0  90210000	lbu	r1,(r1)
  989  000019c4  64220000	snei	r2,r1,#0
  990  000019c8  1440000c	bnez	r2,L39_LF2
  991  000019cc  54000000	nop; delay slot nop
  992  000019d0  0800001c	j	L38_LF2
  993  000019d4  54000000	nop; delay slot nop
  994  000019d8          	L39_LF2:
  995  000019d8  8fc2fff4	lw	r2,-12(r30)
  996  000019dc  20410001	addi	r1,r2,#1
  997  000019e0  00011020	add	r2,r0,r1
  998  000019e4  afc2fff4	sw	-12(r30),r2
  999  000019e8  0bffffc8	j	L37_LF2
 1000  000019ec  54000000	nop; delay slot nop
 1001  000019f0          	L38_LF2:
 1002  000019f0  8fc1fff4	lw	r1,-12(r30)
 1003  000019f4  08000004	j	L36_LF2
 1004  000019f8  54000000	nop; delay slot nop
 1005  000019fc          	L36_LF2:
 1006  000019fc  8fa20000	lw	r2,0(r29)
 1007  00001a00  8fdffff8	lw	r31,-8(r30)
 1008  00001a04  001ee820	add	r29,r0,r30
 1009  00001a08  8fdefffc	lw	r30,-4(r30)
 1010  00001a0c  4be00000	jr	r31
 1011  00001a10  54000000	nop
 1012  00001a14          	.endproc _dstrlen
 1013  00001a14          	.align 2
 1014  00001a14          	.proc _dstrstr
 1015  00001a14          	.global _dstrstr
 1016  00001a14          	_dstrstr:
 1017                      ;  Function 'dstrstr'; 8 bytes of locals, 1 regs to save.
 1018  00001a14  afbefffc	sw	-4(r29),r30; push fp
 1019  00001a18  001df020	add	r30,r0,r29; fp = sp
 1020  00001a1c  afbffff8	sw	-8(r29),r31; push ret addr
 1021  00001a20  2fbd0018	subui	r29,r29,#24; alloc local storage
 1022  00001a24  afa20000	sw	0(r29),r2
 1023  00001a28  23bdfff8	addi	r29,r29,#-8
 1024  00001a2c  001d0820	add	r1,r0,r29
 1025  00001a30  8fc20004	lw	r2,4(r30)
 1026  00001a34  ac220000	sw	(r1),r2
 1027  00001a38  0fffff5c	jal	_dstrlen
 1028  00001a3c  54000000	nop; delay slot nop
 1029  00001a40  23bd0008	addi	r29,r29,#8
 1030  00001a44  afc1fff4	sw	-12(r30),r1
 1031  00001a48          	L41_LF2:
 1032  00001a48  8fc10000	lw	r1,(r30)
 1033  00001a4c  90220000	lbu	r2,(r1)
 1034  00001a50  64410000	snei	r1,r2,#0
 1035  00001a54  1420000c	bnez	r1,L43_LF2
 1036  00001a58  54000000	nop; delay slot nop
 1037  00001a5c  08000060	j	L42_LF2
 1038  00001a60  54000000	nop; delay slot nop
 1039  00001a64          	L43_LF2:
 1040  00001a64  23bdfff0	addi	r29,r29,#-16
 1041  00001a68  001d0820	add	r1,r0,r29
 1042  00001a6c  8fc20000	lw	r2,(r30)
 1043  00001a70  ac220000	sw	(r1),r2
 1044  00001a74  8fc20004	lw	r2,4(r30)
 1045  00001a78  ac220004	sw	4(r1),r2
 1046  00001a7c  8fc2fff4	lw	r2,-12(r30)
 1047  00001a80  ac220008	sw	8(r1),r2
 1048  00001a84  0ffffdc0	jal	_dstrncmp
 1049  00001a88  54000000	nop; delay slot nop
 1050  00001a8c  23bd0010	addi	r29,r29,#16
 1051  00001a90  64220000	snei	r2,r1,#0
 1052  00001a94  14400010	bnez	r2,L44_LF2
 1053  00001a98  54000000	nop; delay slot nop
 1054  00001a9c  8fc10000	lw	r1,(r30)
 1055  00001aa0  08000028	j	L40_LF2
 1056  00001aa4  54000000	nop; delay slot nop
 1057  00001aa8          	L44_LF2:
 1058  00001aa8  8fc20000	lw	r2,(r30)
 1059  00001aac  20410001	addi	r1,r2,#1
 1060  00001ab0  00011020	add	r2,r0,r1
 1061  00001ab4  afc20000	sw	(r30),r2
 1062  00001ab8  0bffff8c	j	L41_LF2
 1063  00001abc  54000000	nop; delay slot nop
 1064  00001ac0          	L42_LF2:
 1065  00001ac0  20010000	addi	r1,r0,#0
 1066  00001ac4  08000004	j	L40_LF2
 1067  00001ac8  54000000	nop; delay slot nop
 1068  00001acc          	L40_LF2:
 1069  00001acc  8fa20000	lw	r2,0(r29)
 1070  00001ad0  8fdffff8	lw	r31,-8(r30)
 1071  00001ad4  001ee820	add	r29,r0,r30
 1072  00001ad8  8fdefffc	lw	r30,-4(r30)
 1073  00001adc  4be00000	jr	r31
 1074  00001ae0  54000000	nop
 1075  00001ae4          	.endproc _dstrstr
 1076  00001ae4          	.align 2
 1077  00001ae4          	.proc _dmindex
 1078  00001ae4          	.global _dmindex
 1079  00001ae4          	_dmindex:
 1080                      ;  Function 'dmindex'; 8 bytes of locals, 1 regs to save.
 1081  00001ae4  afbefffc	sw	-4(r29),r30; push fp
 1082  00001ae8  001df020	add	r30,r0,r29; fp = sp
 1083  00001aec  afbffff8	sw	-8(r29),r31; push ret addr
 1084  00001af0  2fbd0018	subui	r29,r29,#24; alloc local storage
 1085  00001af4  afa20000	sw	0(r29),r2
 1086  00001af8  54000000	nop
 1087  00001afc          	L46_LF2:
 1088  00001afc  8fc10000	lw	r1,(r30)
 1089  00001b00  90220000	lbu	r2,(r1)
 1090  00001b04  64410000	snei	r1,r2,#0
 1091  00001b08  1420000c	bnez	r1,L48_LF2
 1092  00001b0c  54000000	nop; delay slot nop
 1093  00001b10  08000070	j	L47_LF2
 1094  00001b14  54000000	nop; delay slot nop
 1095  00001b18          	L48_LF2:
 1096  00001b18  8fc10004	lw	r1,4(r30)
 1097  00001b1c  afc1fff4	sw	-12(r30),r1
 1098  00001b20          	L49_LF2:
 1099  00001b20  8fc1fff4	lw	r1,-12(r30)
 1100  00001b24  90220000	lbu	r2,(r1)
 1101  00001b28  64410000	snei	r1,r2,#0
 1102  00001b2c  1420000c	bnez	r1,L52_LF2
 1103  00001b30  54000000	nop; delay slot nop
 1104  00001b34  08000044	j	L50_LF2
 1105  00001b38  54000000	nop; delay slot nop
 1106  00001b3c          	L52_LF2:
 1107  00001b3c  8fc10000	lw	r1,(r30)
 1108  00001b40  8fc2fff4	lw	r2,-12(r30)
 1109  00001b44  90210000	lbu	r1,(r1)
 1110  00001b48  90420000	lbu	r2,(r2)
 1111  00001b4c  00220828	seq	r1,r1,r2
 1112  00001b50  10200010	beqz	r1,L51_LF2
 1113  00001b54  54000000	nop; delay slot nop
 1114  00001b58  8fc10000	lw	r1,(r30)
 1115  00001b5c  08000030	j	L45_LF2
 1116  00001b60  54000000	nop; delay slot nop
 1117  00001b64          	L53_LF2:
 1118  00001b64          	L51_LF2:
 1119  00001b64  8fc2fff4	lw	r2,-12(r30)
 1120  00001b68  20410001	addi	r1,r2,#1
 1121  00001b6c  00011020	add	r2,r0,r1
 1122  00001b70  afc2fff4	sw	-12(r30),r2
 1123  00001b74  0bffffa8	j	L49_LF2
 1124  00001b78  54000000	nop; delay slot nop
 1125  00001b7c          	L50_LF2:
 1126  00001b7c  0bffff7c	j	L46_LF2
 1127  00001b80  54000000	nop; delay slot nop
 1128  00001b84          	L47_LF2:
 1129  00001b84  20010000	addi	r1,r0,#0
 1130  00001b88  08000004	j	L45_LF2
 1131  00001b8c  54000000	nop; delay slot nop
 1132  00001b90          	L45_LF2:
 1133  00001b90  8fa20000	lw	r2,0(r29)
 1134  00001b94  8fdffff8	lw	r31,-8(r30)
 1135  00001b98  001ee820	add	r29,r0,r30
 1136  00001b9c  8fdefffc	lw	r30,-4(r30)
 1137  00001ba0  4be00000	jr	r31
 1138  00001ba4  54000000	nop
 1139  00001ba8          	.endproc _dmindex
 1140  00001ba8          	.align 2
 1141  00001ba8          	.proc _dindex
 1142  00001ba8          	.global _dindex
 1143  00001ba8          	_dindex:
 1144                      ;  Function 'dindex'; 0 bytes of locals, 1 regs to save.
 1145  00001ba8  afbefffc	sw	-4(r29),r30; push fp
 1146  00001bac  001df020	add	r30,r0,r29; fp = sp
 1147  00001bb0  afbffff8	sw	-8(r29),r31; push ret addr
 1148  00001bb4  2fbd0010	subui	r29,r29,#16; alloc local storage
 1149  00001bb8  afa20000	sw	0(r29),r2
 1150  00001bbc  54000000	nop
 1151  00001bc0          	L55_LF2:
 1152  00001bc0  8fc10000	lw	r1,(r30)
 1153  00001bc4  90220000	lbu	r2,(r1)
 1154  00001bc8  64410000	snei	r1,r2,#0
 1155  00001bcc  1420000c	bnez	r1,L57_LF2
 1156  00001bd0  54000000	nop; delay slot nop
 1157  00001bd4  08000040	j	L56_LF2
 1158  00001bd8  54000000	nop; delay slot nop
 1159  00001bdc          	L57_LF2:
 1160  00001bdc  8fc10000	lw	r1,(r30)
 1161  00001be0  90220000	lbu	r2,(r1)
 1162  00001be4  8fc10004	lw	r1,4(r30)
 1163  00001be8  00411028	seq	r2,r2,r1
 1164  00001bec  10400010	beqz	r2,L58_LF2
 1165  00001bf0  54000000	nop; delay slot nop
 1166  00001bf4  8fc10000	lw	r1,(r30)
 1167  00001bf8  08000028	j	L54_LF2
 1168  00001bfc  54000000	nop; delay slot nop
 1169  00001c00          	L58_LF2:
 1170  00001c00  8fc20000	lw	r2,(r30)
 1171  00001c04  20410001	addi	r1,r2,#1
 1172  00001c08  00011020	add	r2,r0,r1
 1173  00001c0c  afc20000	sw	(r30),r2
 1174  00001c10  0bffffac	j	L55_LF2
 1175  00001c14  54000000	nop; delay slot nop
 1176  00001c18          	L56_LF2:
 1177  00001c18  20010000	addi	r1,r0,#0
 1178  00001c1c  08000004	j	L54_LF2
 1179  00001c20  54000000	nop; delay slot nop
 1180  00001c24          	L54_LF2:
 1181  00001c24  8fa20000	lw	r2,0(r29)
 1182  00001c28  8fdffff8	lw	r31,-8(r30)
 1183  00001c2c  001ee820	add	r29,r0,r30
 1184  00001c30  8fdefffc	lw	r30,-4(r30)
 1185  00001c34  4be00000	jr	r31
 1186  00001c38  54000000	nop
 1187  00001c3c          	.endproc _dindex
 1188  00001c3c          	.align 2
 1189  00001c3c          	.proc _ditoa
 1190  00001c3c          	.global _ditoa
 1191  00001c3c          	_ditoa:
 1192                      ;  Function 'ditoa'; 8 bytes of locals, 2 regs to save.
 1193  00001c3c  afbefffc	sw	-4(r29),r30; push fp
 1194  00001c40  001df020	add	r30,r0,r29; fp = sp
 1195  00001c44  afbffff8	sw	-8(r29),r31; push ret addr
 1196  00001c48  2fbd0018	subui	r29,r29,#24; alloc local storage
 1197  00001c4c  afa20000	sw	0(r29),r2
 1198  00001c50  afa30004	sw	4(r29),r3
 1199  00001c54  8fc10000	lw	r1,(r30)
 1200  00001c58  68220000	slti	r2,r1,#0
 1201  00001c5c  1040002c	beqz	r2,L60_LF2
 1202  00001c60  54000000	nop; delay slot nop
 1203  00001c64  8fc10004	lw	r1,4(r30)
 1204  00001c68  20220001	addi	r2,r1,#1
 1205  00001c6c  afc20004	sw	4(r30),r2
 1206  00001c70  2002002d	addi	r2,r0,(#0x2d)&0xff
 1207  00001c74  a0220000	sb	(r1),r2
 1208  00001c78  8fc10000	lw	r1,(r30)
 1209  00001c7c  00011022	sub	r2,r0,r1
 1210  00001c80  afc20000	sw	(r30),r2
 1211  00001c84  08000118	j	L61_LF2
 1212  00001c88  54000000	nop; delay slot nop
 1213  00001c8c          	L60_LF2:
 1214  00001c8c  8fc10000	lw	r1,(r30)
 1215  00001c90  64220000	snei	r2,r1,#0
 1216  00001c94  14400020	bnez	r2,L62_LF2
 1217  00001c98  54000000	nop; delay slot nop
 1218  00001c9c  8fc10004	lw	r1,4(r30)
 1219  00001ca0  20220001	addi	r2,r1,#1
 1220  00001ca4  afc20004	sw	4(r30),r2
 1221  00001ca8  20020030	addi	r2,r0,(#0x30)&0xff
 1222  00001cac  a0220000	sb	(r1),r2
 1223  00001cb0  080000ec	j	L61_LF2
 1224  00001cb4  54000000	nop; delay slot nop
 1225  00001cb8          	L62_LF2:
 1226  00001cb8  20010001	addi	r1,r0,#1
 1227  00001cbc  afc1fff4	sw	-12(r30),r1
 1228  00001cc0          	L64_LF2:
 1229  00001cc0  8fc1fff4	lw	r1,-12(r30)
 1230  00001cc4  8fc20000	lw	r2,(r30)
 1231  00001cc8  0022082c	sle	r1,r1,r2
 1232  00001ccc  1420000c	bnez	r1,L66_LF2
 1233  00001cd0  54000000	nop; delay slot nop
 1234  00001cd4  08000024	j	L65_LF2
 1235  00001cd8  54000000	nop; delay slot nop
 1236  00001cdc          	L67_LF2:
 1237  00001cdc          	L66_LF2:
 1238  00001cdc  8fc1fff4	lw	r1,-12(r30)
 1239  00001ce0  00011820	add	r3,r0,r1
 1240  00001ce4  50620002	slli	r2,r3,#0x2
 1241  00001ce8  00411020	add	r2,r2,r1
 1242  00001cec  50410001	slli	r1,r2,#0x1
 1243  00001cf0  afc1fff4	sw	-12(r30),r1
 1244  00001cf4  0bffffc8	j	L64_LF2
 1245  00001cf8  54000000	nop; delay slot nop
 1246  00001cfc          	L65_LF2:
 1247  00001cfc  54000000	nop
 1248  00001d00          	L68_LF2:
 1249  00001d00  8fc1fff4	lw	r1,-12(r30)
 1250  00001d04  2002000a	addi	r2,r0,#10
 1251  00001d08  00200035	movi2fp	f0,r1
 1252  00001d0c  00400835	movi2fp	f1,r2
 1253  00001d10  0401000f	div	f0,f0,f1
 1254  00001d14  00000834	movfp2i	r1,f0
 1255  00001d18  afc1fff4	sw	-12(r30),r1
 1256  00001d1c  8fc10004	lw	r1,4(r30)
 1257  00001d20  20220001	addi	r2,r1,#1
 1258  00001d24  afc20004	sw	4(r30),r2
 1259  00001d28  8fc20000	lw	r2,(r30)
 1260  00001d2c  8fc3fff4	lw	r3,-12(r30)
 1261  00001d30  00400035	movi2fp	f0,r2
 1262  00001d34  00600835	movi2fp	f1,r3
 1263  00001d38  0401000f	div	f0,f0,f1
 1264  00001d3c  00001034	movfp2i	r2,f0
 1265  00001d40  00021820	add	r3,r0,r2
 1266  00001d44  20620030	addi	r2,r3,#48
 1267  00001d48  a0220000	sb	(r1),r2
 1268  00001d4c  8fc10000	lw	r1,(r30)
 1269  00001d50  8fc3fff4	lw	r3,-12(r30)
 1270  00001d54  00200035	movi2fp	f0,r1
 1271  00001d58  00600835	movi2fp	f1,r3
 1272  00001d5c  0401000f	div	f0,f0,f1
 1273  00001d60  00001034	movfp2i	r2,f0
 1274  00001d64  8fc3fff4	lw	r3,-12(r30)
 1275  00001d68  00400035	movi2fp	f0,r2
 1276  00001d6c  00600835	movi2fp	f1,r3
 1277  00001d70  0401000e	mult	f0,f0,f1
 1278  00001d74  00001034	movfp2i	r2,f0
 1279  00001d78  00220822	sub	r1,r1,r2
 1280  00001d7c  afc10000	sw	(r30),r1
 1281  00001d80          	L70_LF2:
 1282  00001d80  8fc1fff4	lw	r1,-12(r30)
 1283  00001d84  6c220001	sgti	r2,r1,#1
 1284  00001d88  1440000c	bnez	r2,L71_LF2
 1285  00001d8c  54000000	nop; delay slot nop
 1286  00001d90  0800000c	j	L61_LF2
 1287  00001d94  54000000	nop; delay slot nop
 1288  00001d98          	L71_LF2:
 1289  00001d98  0bffff64	j	L68_LF2
 1290  00001d9c  54000000	nop; delay slot nop
 1291  00001da0          	L69_LF2:
 1292  00001da0          	L63_LF2:
 1293  00001da0          	L61_LF2:
 1294  00001da0  8fc10004	lw	r1,4(r30)
 1295  00001da4  20020000	addi	r2,r0,(#0x0)&0xff
 1296  00001da8  a0220000	sb	(r1),r2
 1297  00001dac          	L59_LF2:
 1298  00001dac  8fa20000	lw	r2,0(r29)
 1299  00001db0  8fa30004	lw	r3,4(r29)
 1300  00001db4  8fdffff8	lw	r31,-8(r30)
 1301  00001db8  001ee820	add	r29,r0,r30
 1302  00001dbc  8fdefffc	lw	r30,-4(r30)
 1303  00001dc0  4be00000	jr	r31
 1304  00001dc4  54000000	nop
 1305  00001dc8          	.endproc _ditoa
 1306  00001dc8          	.align 2
 1307  00001dc8          	.proc _dstrtol
 1308  00001dc8          	.global _dstrtol
 1309  00001dc8          	_dstrtol:
 1310                      ;  Function 'dstrtol'; 16 bytes of locals, 1 regs to save.
 1311  00001dc8  afbefffc	sw	-4(r29),r30; push fp
 1312  00001dcc  001df020	add	r30,r0,r29; fp = sp
 1313  00001dd0  afbffff8	sw	-8(r29),r31; push ret addr
 1314  00001dd4  2fbd0020	subui	r29,r29,#32; alloc local storage
 1315  00001dd8  afa20000	sw	0(r29),r2
 1316  00001ddc  20010000	addi	r1,r0,#0
 1317  00001de0  afc1fff4	sw	-12(r30),r1
 1318  00001de4          	L73_LF2:
 1319  00001de4  8fc10000	lw	r1,(r30)
 1320  00001de8  90220000	lbu	r2,(r1)
 1321  00001dec  60410020	seqi	r1,r2,#32
 1322  00001df0  14200034	bnez	r1,L75_LF2
 1323  00001df4  54000000	nop; delay slot nop
 1324  00001df8  8fc10000	lw	r1,(r30)
 1325  00001dfc  90220000	lbu	r2,(r1)
 1326  00001e00  60410009	seqi	r1,r2,#9
 1327  00001e04  14200020	bnez	r1,L75_LF2
 1328  00001e08  54000000	nop; delay slot nop
 1329  00001e0c  8fc10000	lw	r1,(r30)
 1330  00001e10  90220000	lbu	r2,(r1)
 1331  00001e14  6041000a	seqi	r1,r2,#10
 1332  00001e18  1420000c	bnez	r1,L75_LF2
 1333  00001e1c  54000000	nop; delay slot nop
 1334  00001e20  0800001c	j	L74_LF2
 1335  00001e24  54000000	nop; delay slot nop
 1336  00001e28          	L75_LF2:
 1337  00001e28  8fc20000	lw	r2,(r30)
 1338  00001e2c  20410001	addi	r1,r2,#1
 1339  00001e30  00011020	add	r2,r0,r1
 1340  00001e34  afc20000	sw	(r30),r2
 1341  00001e38  0bffffa8	j	L73_LF2
 1342  00001e3c  54000000	nop; delay slot nop
 1343  00001e40          	L74_LF2:
 1344  00001e40  8fc10004	lw	r1,4(r30)
 1345  00001e44  64220000	snei	r2,r1,#0
 1346  00001e48  10400010	beqz	r2,L76_LF2
 1347  00001e4c  54000000	nop; delay slot nop
 1348  00001e50  8fc10004	lw	r1,4(r30)
 1349  00001e54  8fc20000	lw	r2,(r30)
 1350  00001e58  ac220000	sw	(r1),r2
 1351  00001e5c          	L76_LF2:
 1352  00001e5c  8fc10000	lw	r1,(r30)
 1353  00001e60  90220000	lbu	r2,(r1)
 1354  00001e64  64410000	snei	r1,r2,#0
 1355  00001e68  14200010	bnez	r1,L77_LF2
 1356  00001e6c  54000000	nop; delay slot nop
 1357  00001e70  8fc1fff4	lw	r1,-12(r30)
 1358  00001e74  08000294	j	L72_LF2
 1359  00001e78  54000000	nop; delay slot nop
 1360  00001e7c          	L77_LF2:
 1361  00001e7c  8fc10000	lw	r1,(r30)
 1362  00001e80  90220000	lbu	r2,(r1)
 1363  00001e84  6041002d	seqi	r1,r2,#45
 1364  00001e88  10200024	beqz	r1,L78_LF2
 1365  00001e8c  54000000	nop; delay slot nop
 1366  00001e90  2001ffff	addi	r1,r0,#-1
 1367  00001e94  afc1ffec	sw	-20(r30),r1
 1368  00001e98  8fc20000	lw	r2,(r30)
 1369  00001e9c  20410001	addi	r1,r2,#1
 1370  00001ea0  00011020	add	r2,r0,r1
 1371  00001ea4  afc20000	sw	(r30),r2
 1372  00001ea8  0800000c	j	L79_LF2
 1373  00001eac  54000000	nop; delay slot nop
 1374  00001eb0          	L78_LF2:
 1375  00001eb0  20010001	addi	r1,r0,#1
 1376  00001eb4  afc1ffec	sw	-20(r30),r1
 1377  00001eb8          	L79_LF2:
 1378  00001eb8  8fc10008	lw	r1,8(r30)
 1379  00001ebc  64220000	snei	r2,r1,#0
 1380  00001ec0  14400090	bnez	r2,L80_LF2
 1381  00001ec4  54000000	nop; delay slot nop
 1382  00001ec8  8fc10000	lw	r1,(r30)
 1383  00001ecc  90220000	lbu	r2,(r1)
 1384  00001ed0  60410030	seqi	r1,r2,#48
 1385  00001ed4  10200074	beqz	r1,L81_LF2
 1386  00001ed8  54000000	nop; delay slot nop
 1387  00001edc  8fc20000	lw	r2,(r30)
 1388  00001ee0  20410001	addi	r1,r2,#1
 1389  00001ee4  00011020	add	r2,r0,r1
 1390  00001ee8  afc20000	sw	(r30),r2
 1391  00001eec  8fc10000	lw	r1,(r30)
 1392  00001ef0  90220000	lbu	r2,(r1)
 1393  00001ef4  60410078	seqi	r1,r2,#120
 1394  00001ef8  14200020	bnez	r1,L83_LF2
 1395  00001efc  54000000	nop; delay slot nop
 1396  00001f00  8fc10000	lw	r1,(r30)
 1397  00001f04  90220000	lbu	r2,(r1)
 1398  00001f08  60410058	seqi	r1,r2,#88
 1399  00001f0c  1420000c	bnez	r1,L83_LF2
 1400  00001f10  54000000	nop; delay slot nop
 1401  00001f14  08000024	j	L82_LF2
 1402  00001f18  54000000	nop; delay slot nop
 1403  00001f1c          	L83_LF2:
 1404  00001f1c  20010010	addi	r1,r0,#16
 1405  00001f20  afc10008	sw	8(r30),r1
 1406  00001f24  8fc20000	lw	r2,(r30)
 1407  00001f28  20410001	addi	r1,r2,#1
 1408  00001f2c  00011020	add	r2,r0,r1
 1409  00001f30  afc20000	sw	(r30),r2
 1410  00001f34  0800000c	j	L84_LF2
 1411  00001f38  54000000	nop; delay slot nop
 1412  00001f3c          	L82_LF2:
 1413  00001f3c  20010008	addi	r1,r0,#8
 1414  00001f40  afc10008	sw	8(r30),r1
 1415  00001f44          	L84_LF2:
 1416  00001f44  0800000c	j	L80_LF2
 1417  00001f48  54000000	nop; delay slot nop
 1418  00001f4c          	L81_LF2:
 1419  00001f4c  2001000a	addi	r1,r0,#10
 1420  00001f50  afc10008	sw	8(r30),r1
 1421  00001f54          	L85_LF2:
 1422  00001f54          	L80_LF2:
 1423  00001f54  8fc10008	lw	r1,8(r30)
 1424  00001f58  70220000	slei	r2,r1,#0
 1425  00001f5c  1440001c	bnez	r2,L87_LF2
 1426  00001f60  54000000	nop; delay slot nop
 1427  00001f64  8fc10008	lw	r1,8(r30)
 1428  00001f68  6c220010	sgti	r2,r1,#16
 1429  00001f6c  1440000c	bnez	r2,L87_LF2
 1430  00001f70  54000000	nop; delay slot nop
 1431  00001f74  08000010	j	L86_LF2
 1432  00001f78  54000000	nop; delay slot nop
 1433  00001f7c          	L87_LF2:
 1434  00001f7c  8fc1fff4	lw	r1,-12(r30)
 1435  00001f80  08000188	j	L72_LF2
 1436  00001f84  54000000	nop; delay slot nop
 1437  00001f88          	L86_LF2:
 1438  00001f88  54000000	nop
 1439  00001f8c          	L88_LF2:
 1440  00001f8c  8fc10000	lw	r1,(r30)
 1441  00001f90  90220000	lbu	r2,(r1)
 1442  00001f94  6c41002f	sgtui	r1,r2,#47
 1443  00001f98  10200030	beqz	r1,L91_LF2
 1444  00001f9c  54000000	nop; delay slot nop
 1445  00001fa0  8fc10000	lw	r1,(r30)
 1446  00001fa4  90220000	lbu	r2,(r1)
 1447  00001fa8  70410039	sleui	r1,r2,#57
 1448  00001fac  1020001c	beqz	r1,L91_LF2
 1449  00001fb0  54000000	nop; delay slot nop
 1450  00001fb4  8fc10000	lw	r1,(r30)
 1451  00001fb8  90220000	lbu	r2,(r1)
 1452  00001fbc  2041ffd0	addi	r1,r2,#-48
 1453  00001fc0  afc1fff0	sw	-16(r30),r1
 1454  00001fc4  0800008c	j	L92_LF2
 1455  00001fc8  54000000	nop; delay slot nop
 1456  00001fcc          	L91_LF2:
 1457  00001fcc  8fc10000	lw	r1,(r30)
 1458  00001fd0  90220000	lbu	r2,(r1)
 1459  00001fd4  6c410060	sgtui	r1,r2,#96
 1460  00001fd8  10200030	beqz	r1,L93_LF2
 1461  00001fdc  54000000	nop; delay slot nop
 1462  00001fe0  8fc10000	lw	r1,(r30)
 1463  00001fe4  90220000	lbu	r2,(r1)
 1464  00001fe8  7041007a	sleui	r1,r2,#122
 1465  00001fec  1020001c	beqz	r1,L93_LF2
 1466  00001ff0  54000000	nop; delay slot nop
 1467  00001ff4  8fc10000	lw	r1,(r30)
 1468  00001ff8  90220000	lbu	r2,(r1)
 1469  00001ffc  2041ffa9	addi	r1,r2,#-87
 1470  00002000  afc1fff0	sw	-16(r30),r1
 1471  00002004  0800004c	j	L92_LF2
 1472  00002008  54000000	nop; delay slot nop
 1473  0000200c          	L93_LF2:
 1474  0000200c  8fc10000	lw	r1,(r30)
 1475  00002010  90220000	lbu	r2,(r1)
 1476  00002014  6c410040	sgtui	r1,r2,#64
 1477  00002018  10200030	beqz	r1,L95_LF2
 1478  0000201c  54000000	nop; delay slot nop
 1479  00002020  8fc10000	lw	r1,(r30)
 1480  00002024  90220000	lbu	r2,(r1)
 1481  00002028  7041005a	sleui	r1,r2,#90
 1482  0000202c  1020001c	beqz	r1,L95_LF2
 1483  00002030  54000000	nop; delay slot nop
 1484  00002034  8fc10000	lw	r1,(r30)
 1485  00002038  90220000	lbu	r2,(r1)
 1486  0000203c  2041ffc9	addi	r1,r2,#-55
 1487  00002040  afc1fff0	sw	-16(r30),r1
 1488  00002044  0800000c	j	L92_LF2
 1489  00002048  54000000	nop; delay slot nop
 1490  0000204c          	L95_LF2:
 1491  0000204c  200103e8	addi	r1,r0,#1000
 1492  00002050  afc1fff0	sw	-16(r30),r1
 1493  00002054          	L96_LF2:
 1494  00002054          	L94_LF2:
 1495  00002054          	L92_LF2:
 1496  00002054  8fc1fff0	lw	r1,-16(r30)
 1497  00002058  8fc20008	lw	r2,8(r30)
 1498  0000205c  0022082a	slt	r1,r1,r2
 1499  00002060  10200040	beqz	r1,L90_LF2
 1500  00002064  54000000	nop; delay slot nop
 1501  00002068  8fc1fff4	lw	r1,-12(r30)
 1502  0000206c  8fc20008	lw	r2,8(r30)
 1503  00002070  00200035	movi2fp	f0,r1
 1504  00002074  00400835	movi2fp	f1,r2
 1505  00002078  0401000e	mult	f0,f0,f1
 1506  0000207c  00000834	movfp2i	r1,f0
 1507  00002080  afc1fff4	sw	-12(r30),r1
 1508  00002084  8fc1fff4	lw	r1,-12(r30)
 1509  00002088  8fc2fff0	lw	r2,-16(r30)
 1510  0000208c  00220820	add	r1,r1,r2
 1511  00002090  afc1fff4	sw	-12(r30),r1
 1512  00002094  8fc20000	lw	r2,(r30)
 1513  00002098  20410001	addi	r1,r2,#1
 1514  0000209c  00011020	add	r2,r0,r1
 1515  000020a0  afc20000	sw	(r30),r2
 1516  000020a4          	L97_LF2:
 1517  000020a4          	L90_LF2:
 1518  000020a4  8fc1fff0	lw	r1,-16(r30)
 1519  000020a8  8fc20008	lw	r2,8(r30)
 1520  000020ac  0022082a	slt	r1,r1,r2
 1521  000020b0  1420000c	bnez	r1,L98_LF2
 1522  000020b4  54000000	nop; delay slot nop
 1523  000020b8  0800000c	j	L89_LF2
 1524  000020bc  54000000	nop; delay slot nop
 1525  000020c0          	L98_LF2:
 1526  000020c0  0bfffec8	j	L88_LF2
 1527  000020c4  54000000	nop; delay slot nop
 1528  000020c8          	L89_LF2:
 1529  000020c8  8fc10004	lw	r1,4(r30)
 1530  000020cc  64220000	snei	r2,r1,#0
 1531  000020d0  10400010	beqz	r2,L99_LF2
 1532  000020d4  54000000	nop; delay slot nop
 1533  000020d8  8fc10004	lw	r1,4(r30)
 1534  000020dc  8fc20000	lw	r2,(r30)
 1535  000020e0  ac220000	sw	(r1),r2
 1536  000020e4          	L99_LF2:
 1537  000020e4  8fc1fff4	lw	r1,-12(r30)
 1538  000020e8  8fc2ffec	lw	r2,-20(r30)
 1539  000020ec  00200035	movi2fp	f0,r1
 1540  000020f0  00400835	movi2fp	f1,r2
 1541  000020f4  0401000e	mult	f0,f0,f1
 1542  000020f8  00000834	movfp2i	r1,f0
 1543  000020fc  afc1fff4	sw	-12(r30),r1
 1544  00002100  8fc1fff4	lw	r1,-12(r30)
 1545  00002104  08000004	j	L72_LF2
 1546  00002108  54000000	nop; delay slot nop
 1547  0000210c          	L72_LF2:
 1548  0000210c  8fa20000	lw	r2,0(r29)
 1549  00002110  8fdffff8	lw	r31,-8(r30)
 1550  00002114  001ee820	add	r29,r0,r30
 1551  00002118  8fdefffc	lw	r30,-4(r30)
 1552  0000211c  4be00000	jr	r31
 1553  00002120  54000000	nop
 1554  00002124          	.endproc _dstrtol
 1555  00002124          	.align 2
 1556  00002124          	.proc _bcopy
 1557  00002124          	.global _bcopy
 1558  00002124          	_bcopy:
 1559                      ;  Function 'bcopy'; 0 bytes of locals, 2 regs to save.
 1560  00002124  afbefffc	sw	-4(r29),r30; push fp
 1561  00002128  001df020	add	r30,r0,r29; fp = sp
 1562  0000212c  afbffff8	sw	-8(r29),r31; push ret addr
 1563  00002130  2fbd0010	subui	r29,r29,#16; alloc local storage
 1564  00002134  afa20000	sw	0(r29),r2
 1565  00002138  afa30004	sw	4(r29),r3
 1566  0000213c  54000000	nop
 1567  00002140          	L101_LF2:
 1568  00002140  8fc10008	lw	r1,8(r30)
 1569  00002144  2022ffff	addi	r2,r1,#-1
 1570  00002148  afc20008	sw	8(r30),r2
 1571  0000214c  6c210000	sgti	r1,r1,#0
 1572  00002150  1420000c	bnez	r1,L103_LF2
 1573  00002154  54000000	nop; delay slot nop
 1574  00002158  0800002c	j	L102_LF2
 1575  0000215c  54000000	nop; delay slot nop
 1576  00002160          	L103_LF2:
 1577  00002160  8fc10004	lw	r1,4(r30)
 1578  00002164  20220001	addi	r2,r1,#1
 1579  00002168  afc20004	sw	4(r30),r2
 1580  0000216c  8fc20000	lw	r2,(r30)
 1581  00002170  20430001	addi	r3,r2,#1
 1582  00002174  afc30000	sw	(r30),r3
 1583  00002178  80420000	lb	r2,(r2)
 1584  0000217c  a0220000	sb	(r1),r2
 1585  00002180  0bffffbc	j	L101_LF2
 1586  00002184  54000000	nop; delay slot nop
 1587  00002188          	L102_LF2:
 1588  00002188          	L100_LF2:
 1589  00002188  8fa20000	lw	r2,0(r29)
 1590  0000218c  8fa30004	lw	r3,4(r29)
 1591  00002190  8fdffff8	lw	r31,-8(r30)
 1592  00002194  001ee820	add	r29,r0,r30
 1593  00002198  8fdefffc	lw	r30,-4(r30)
 1594  0000219c  4be00000	jr	r31
 1595  000021a0  54000000	nop
 1596  000021a4          	.endproc _bcopy
 1597  000021a4          	.align 2
 1598  000021a4          	.proc _bzero
 1599  000021a4          	.global _bzero
 1600  000021a4          	_bzero:
 1601                      ;  Function 'bzero'; 0 bytes of locals, 1 regs to save.
 1602  000021a4  afbefffc	sw	-4(r29),r30; push fp
 1603  000021a8  001df020	add	r30,r0,r29; fp = sp
 1604  000021ac  afbffff8	sw	-8(r29),r31; push ret addr
 1605  000021b0  2fbd0010	subui	r29,r29,#16; alloc local storage
 1606  000021b4  afa20000	sw	0(r29),r2
 1607  000021b8  54000000	nop
 1608  000021bc          	L105_LF2:
 1609  000021bc  8fc10004	lw	r1,4(r30)
 1610  000021c0  2022ffff	addi	r2,r1,#-1
 1611  000021c4  afc20004	sw	4(r30),r2
 1612  000021c8  6c210000	sgti	r1,r1,#0
 1613  000021cc  1420000c	bnez	r1,L107_LF2
 1614  000021d0  54000000	nop; delay slot nop
 1615  000021d4  08000020	j	L106_LF2
 1616  000021d8  54000000	nop; delay slot nop
 1617  000021dc          	L107_LF2:
 1618  000021dc  8fc10000	lw	r1,(r30)
 1619  000021e0  20220001	addi	r2,r1,#1
 1620  000021e4  afc20000	sw	(r30),r2
 1621  000021e8  20020000	addi	r2,r0,(#0x0)&0xff
 1622  000021ec  a0220000	sb	(r1),r2
 1623  000021f0  0bffffc8	j	L105_LF2
 1624  000021f4  54000000	nop; delay slot nop
 1625  000021f8          	L106_LF2:
 1626  000021f8          	L104_LF2:
 1627  000021f8  8fa20000	lw	r2,0(r29)
 1628  000021fc  8fdffff8	lw	r31,-8(r30)
 1629  00002200  001ee820	add	r29,r0,r30
 1630  00002204  8fdefffc	lw	r30,-4(r30)
 1631  00002208  4be00000	jr	r31
 1632  0000220c  54000000	nop
 1633  00002210          	.endproc _bzero
 1634  00002210          	.align 2
 1635  00002210          	.proc _min
 1636  00002210          	.global _min
 1637  00002210          	_min:
 1638                      ;  Function 'min'; 0 bytes of locals, 2 regs to save.
 1639  00002210  afbefffc	sw	-4(r29),r30; push fp
 1640  00002214  001df020	add	r30,r0,r29; fp = sp
 1641  00002218  afbffff8	sw	-8(r29),r31; push ret addr
 1642  0000221c  2fbd0010	subui	r29,r29,#16; alloc local storage
 1643  00002220  afa20000	sw	0(r29),r2
 1644  00002224  afa30004	sw	4(r29),r3
 1645  00002228  8fc10000	lw	r1,(r30)
 1646  0000222c  8fc20004	lw	r2,4(r30)
 1647  00002230  0022182c	sle	r3,r1,r2
 1648  00002234  14600008	bnez	r3,L109_LF2
 1649  00002238  54000000	nop; delay slot nop
 1650  0000223c  8fc10004	lw	r1,4(r30)
 1651  00002240          	L109_LF2:
 1652  00002240  08000004	j	L108_LF2
 1653  00002244  54000000	nop; delay slot nop
 1654  00002248          	L108_LF2:
 1655  00002248  8fa20000	lw	r2,0(r29)
 1656  0000224c  8fa30004	lw	r3,4(r29)
 1657  00002250  8fdffff8	lw	r31,-8(r30)
 1658  00002254  001ee820	add	r29,r0,r30
 1659  00002258  8fdefffc	lw	r30,-4(r30)
 1660  0000225c  4be00000	jr	r31
 1661  00002260  54000000	nop
 1662  00002264          	.endproc _min
 1663  00002264          	.align 2
 1664  00002264          	.proc _max
 1665  00002264          	.global _max
 1666  00002264          	_max:
 1667                      ;  Function 'max'; 0 bytes of locals, 2 regs to save.
 1668  00002264  afbefffc	sw	-4(r29),r30; push fp
 1669  00002268  001df020	add	r30,r0,r29; fp = sp
 1670  0000226c  afbffff8	sw	-8(r29),r31; push ret addr
 1671  00002270  2fbd0010	subui	r29,r29,#16; alloc local storage
 1672  00002274  afa20000	sw	0(r29),r2
 1673  00002278  afa30004	sw	4(r29),r3
 1674  0000227c  8fc10000	lw	r1,(r30)
 1675  00002280  8fc20004	lw	r2,4(r30)
 1676  00002284  0022182d	sge	r3,r1,r2
 1677  00002288  14600008	bnez	r3,L111_LF2
 1678  0000228c  54000000	nop; delay slot nop
 1679  00002290  8fc10004	lw	r1,4(r30)
 1680  00002294          	L111_LF2:
 1681  00002294  08000004	j	L110_LF2
 1682  00002298  54000000	nop; delay slot nop
 1683  0000229c          	L110_LF2:
 1684  0000229c  8fa20000	lw	r2,0(r29)
 1685  000022a0  8fa30004	lw	r3,4(r29)
 1686  000022a4  8fdffff8	lw	r31,-8(r30)
 1687  000022a8  001ee820	add	r29,r0,r30
 1688  000022ac  8fdefffc	lw	r30,-4(r30)
 1689  000022b0  4be00000	jr	r31
 1690  000022b4  54000000	nop
 1691  000022b8          	.endproc _max
 1692                      ;;; Ethan L. Miller, 1999.  Released to the public domain
 1693                      ;;;
 1694                      ;;; Most of the traps are called in files from libtraps.
 1697  000022b8          	.align 2
 1698  000022b8          	.proc _exit
 1699  000022b8          	.global _exit
 1700  000022b8          	_exit:
 1701  000022b8  44000300	trap	#0x300
 1702  000022bc  4be00000	jr	r31
 1703  000022c0  54000000	nop
 1704  000022c4          	.endproc _exit
 1706                      ; for the benefit of gcc.
 1707  000022c4          	.proc ___main
 1708  000022c4          	.global ___main
 1709  000022c4          	___main:
 1710  000022c4  4be00000	jr	r31
 1711  000022c8  54000000	nop
 1712  000022cc          	.endproc ___main
 1713  000022cc          	.text
 1714  000022cc          	.global _etext
 1715  000022cc          	_etext:
 1716  000022cc          	.align 3
 1717  000022d0          	.data
 1718  00003335          	.global _edata
 1719  00003335          	_edata:
